#
# A fatal error has been detected by the Java Runtime Environment:
#
#  EXCEPTION_ACCESS_VIOLATION (0xc0000005) at pc=0x000000006d4e0cc8, pid=10416, tid=10916
#
# JRE version: 6.0_24-b07
# Java VM: Java HotSpot(TM) 64-Bit Server VM (19.1-b02 mixed mode windows-amd64 compressed oops)
# Problematic frame:
# C  [jdwp.dll+0x20cc8]
#
# If you would like to submit a bug report, please visit:
#   http://java.sun.com/webapps/bugreport/crash.jsp
# The crash happened outside the Java Virtual Machine in native code.
# See problematic frame for where to report the bug.
#

---------------  T H R E A D  ---------------

Current thread (0x0000000006987800):  JavaThread "JDWP Command Reader" daemon [_thread_in_native, id=10916, stack(0x00000000077d0000,0x00000000078d0000)]

siginfo: ExceptionCode=0xc0000005, reading address 0x0000000000000000

Registers:
RAX=0x000000006d4ee570, RBX=0x000000000000000c, RCX=0x0000000000000000, RDX=0x0000000000000028
RSP=0x00000000078cf9d0, RBP=0x00000000078cfed0, RSI=0x0000000000000004, RDI=0x000000006d313508
R8=0x00000000078cfa48, R9=0x7efefeff6c4cff6b, R10=0x81010101010100f8, R11=0x8101010101010100
R12=0x0000000000000000, R13=0x0000000000000000, R14=0x000000006d4e72e8, R15=0x0000000000000000
RIP=0x000000006d4e0cc8, EFLAGS=0x0000000000010206

Register to memory mapping:

RAX=0x000000006d4ee570
0x000000006d4ee570 is pointing to unknown location

RBX=0x000000000000000c
0x000000000000000c is pointing to unknown location

RCX=0x0000000000000000
0x0000000000000000 is pointing to unknown location

RDX=0x0000000000000028
0x0000000000000028 is pointing to unknown location

RSP=0x00000000078cf9d0
0x00000000078cf9d0 is pointing into the stack for thread: 0x0000000006987800
"JDWP Command Reader" daemon prio=6 tid=0x0000000006987800 nid=0x2aa4 runnable [0x0000000000000000]
   java.lang.Thread.State: RUNNABLE

RBP=0x00000000078cfed0
0x00000000078cfed0 is pointing into the stack for thread: 0x0000000006987800
"JDWP Command Reader" daemon prio=6 tid=0x0000000006987800 nid=0x2aa4 runnable [0x0000000000000000]
   java.lang.Thread.State: RUNNABLE

RSI=0x0000000000000004
0x0000000000000004 is pointing to unknown location

RDI=0x000000006d313508
0x000000006d313508 is pointing to unknown location

R8 =0x00000000078cfa48
0x00000000078cfa48 is pointing into the stack for thread: 0x0000000006987800
"JDWP Command Reader" daemon prio=6 tid=0x0000000006987800 nid=0x2aa4 runnable [0x0000000000000000]
   java.lang.Thread.State: RUNNABLE

R9 =0x7efefeff6c4cff6b
0x7efefeff6c4cff6b is pointing to unknown location

R10=0x81010101010100f8
0x81010101010100f8 is pointing to unknown location

R11=0x8101010101010100
0x8101010101010100 is pointing to unknown location

R12=0x0000000000000000
0x0000000000000000 is pointing to unknown location

R13=0x0000000000000000
0x0000000000000000 is pointing to unknown location

R14=0x000000006d4e72e8
0x000000006d4e72e8 is pointing to unknown location

R15=0x0000000000000000
0x0000000000000000 is pointing to unknown location


Top of Stack: (sp=0x00000000078cf9d0)
0x00000000078cf9d0:   00000000078cfa58 0000000000012017
0x00000000078cf9e0:   00000000078cfa08 0000000000000018
0x00000000078cf9f0:   0000000000000000 0000000000000000
0x00000000078cfa00:   0000000000002714 000000006d3122c4
0x00000000078cfa10:   0000000000000001 000007fe00000020
0x00000000078cfa20:   0000000000000000 000000006d313508
0x00000000078cfa30:   000000000000000c 000000006d311088
0x00000000078cfa40:   0000000000325c00 0000000000000000
0x00000000078cfa50:   0000000000000008 00000000c0000120
0x00000000078cfa60:   7075727265746e49 636e756620646574
0x00000000078cfa70:   6c6163206e6f6974 000000006d4e006c
0x00000000078cfa80:   0000000000000000 0000000000000000
0x00000000078cfa90:   000000000000027c 000007feff691649
0x00000000078cfaa0:   000000000000027c 0000000006e766b0
0x00000000078cfab0:   0000000000000004 00000000078cfaf4
0x00000000078cfac0:   00000000078cfb58 0000000000000000 

Instructions: (pc=0x000000006d4e0cc8)
0x000000006d4e0cb8:   00 48 8b 05 f8 df 00 00 4c 8d 44 24 78 48 8b 08
0x000000006d4e0cc8:   48 8b 01 ff 90 68 01 00 00 85 c0 8b d8 74 5f 8b 


Stack: [0x00000000077d0000,0x00000000078d0000],  sp=0x00000000078cf9d0,  free space=1022k
Native frames: (J=compiled Java code, j=interpreted, Vv=VM code, C=native code)
C  [jdwp.dll+0x20cc8]


---------------  P R O C E S S  ---------------

Java Threads: ( => current thread )
  0x00000000069b7800 JavaThread "Low Memory Detector" daemon [_thread_blocked, id=9764, stack(0x0000000007ad0000,0x0000000007bd0000)]
  0x00000000069a9000 JavaThread "CompilerThread1" daemon [_thread_blocked, id=7656, stack(0x00000000079d0000,0x0000000007ad0000)]
  0x00000000069a8800 JavaThread "CompilerThread0" daemon [_thread_blocked, id=8376, stack(0x00000000078d0000,0x00000000079d0000)]
=>0x0000000006987800 JavaThread "JDWP Command Reader" daemon [_thread_in_native, id=10916, stack(0x00000000077d0000,0x00000000078d0000)]
  0x0000000006986000 JavaThread "JDWP Event Helper Thread" daemon [_thread_blocked, id=9204, stack(0x00000000076d0000,0x00000000077d0000)]
  0x0000000006983800 JavaThread "JDWP Transport Listener: dt_socket" daemon [_thread_blocked, id=9888, stack(0x00000000075d0000,0x00000000076d0000)]
  0x0000000006975800 JavaThread "Attach Listener" daemon [_thread_blocked, id=9668, stack(0x0000000006c20000,0x0000000006d20000)]
  0x0000000006970000 JavaThread "Signal Dispatcher" daemon [_thread_blocked, id=7808, stack(0x0000000006b20000,0x0000000006c20000)]
  0x000000000052d000 JavaThread "Finalizer" daemon [_thread_blocked, id=7340, stack(0x0000000006820000,0x0000000006920000)]
  0x0000000000526000 JavaThread "Reference Handler" daemon [_thread_blocked, id=10932, stack(0x0000000006720000,0x0000000006820000)]

Other Threads:
  0x0000000000520000 VMThread [stack: 0x0000000006620000,0x0000000006720000] [id=11096]

VM state:at safepoint (normal execution)

VM Mutex/Monitor currently owned by a thread:  ([mutex/lock_event])
[0x000000000023b840] Threads_lock - owner thread: 0x0000000000520000
[0x000000000023bd40] Heap_lock - owner thread: 0x000000000023d800

Heap
 PSYoungGen      total 37696K, used 1939K [0x00000007d5eb0000, 0x00000007d88c0000, 0x0000000800000000)
  eden space 32320K, 6% used [0x00000007d5eb0000,0x00000007d6094d68,0x00000007d7e40000)
  from space 5376K, 0% used [0x00000007d8380000,0x00000007d8380000,0x00000007d88c0000)
  to   space 5376K, 0% used [0x00000007d7e40000,0x00000007d7e40000,0x00000007d8380000)
 PSOldGen        total 86144K, used 0K [0x0000000781c00000, 0x0000000787020000, 0x00000007d5eb0000)
  object space 86144K, 0% used [0x0000000781c00000,0x0000000781c00000,0x0000000787020000)
 PSPermGen       total 21248K, used 2675K [0x000000077ca00000, 0x000000077dec0000, 0x0000000781c00000)
  object space 21248K, 12% used [0x000000077ca00000,0x000000077cc9cdf0,0x000000077dec0000)

Dynamic libraries:
0x0000000000400000 - 0x000000000042e000 	C:\Program Files\Java\jdk1.6.0_24\bin\javaw.exe
0x00000000778c0000 - 0x0000000077a69000 	C:\Windows\SYSTEM32\ntdll.dll
0x0000000077550000 - 0x000000007766f000 	C:\Windows\system32\kernel32.dll
0x000007fefe080000 - 0x000007fefe0ec000 	C:\Windows\system32\KERNELBASE.dll
0x000007feff530000 - 0x000007feff60b000 	C:\Windows\system32\ADVAPI32.dll
0x000007feff7c0000 - 0x000007feff85f000 	C:\Windows\system32\msvcrt.dll
0x000007feffbb0000 - 0x000007feffbcf000 	C:\Windows\SYSTEM32\sechost.dll
0x000007feff090000 - 0x000007feff1bd000 	C:\Windows\system32\RPCRT4.dll
0x00000000777c0000 - 0x00000000778ba000 	C:\Windows\system32\USER32.dll
0x000007feff610000 - 0x000007feff677000 	C:\Windows\system32\GDI32.dll
0x000007feff8e0000 - 0x000007feff8ee000 	C:\Windows\system32\LPK.dll
0x000007feff440000 - 0x000007feff509000 	C:\Windows\system32\USP10.dll
0x000007feffb80000 - 0x000007feffbae000 	C:\Windows\system32\IMM32.DLL
0x000007feffa70000 - 0x000007feffb79000 	C:\Windows\system32\MSCTF.dll
0x000000006d890000 - 0x000000006df94000 	C:\Program Files\Java\jdk1.6.0_24\jre\bin\server\jvm.dll
0x000007fefc6e0000 - 0x000007fefc71b000 	C:\Windows\system32\WINMM.dll
0x000000006d800000 - 0x000000006d80e000 	C:\Program Files\Java\jdk1.6.0_24\jre\bin\verify.dll
0x000000006d450000 - 0x000000006d477000 	C:\Program Files\Java\jdk1.6.0_24\jre\bin\java.dll
0x000000006d3b0000 - 0x000000006d3ba000 	C:\Program Files\Java\jdk1.6.0_24\jre\bin\hpi.dll
0x0000000077a80000 - 0x0000000077a87000 	C:\Windows\system32\PSAPI.DLL
0x000000006d4c0000 - 0x000000006d4f4000 	C:\Program Files\Java\jdk1.6.0_24\jre\bin\jdwp.dll
0x000000006d6d0000 - 0x000000006d6d8000 	C:\Program Files\Java\jdk1.6.0_24\jre\bin\npt.dll
0x000000006d850000 - 0x000000006d862000 	C:\Program Files\Java\jdk1.6.0_24\jre\bin\zip.dll
0x000000006d310000 - 0x000000006d319000 	C:\Program Files\Java\jdk1.6.0_24\jre\bin\dt_socket.dll
0x000007feff680000 - 0x000007feff6cd000 	C:\Windows\system32\WS2_32.dll
0x000007feff7b0000 - 0x000007feff7b8000 	C:\Windows\system32\NSI.dll
0x000007fefb750000 - 0x000007fefb765000 	C:\Windows\system32\NLAapi.dll
0x000007fef53a0000 - 0x000007fef53b5000 	C:\Windows\system32\napinsp.dll
0x000007fef5380000 - 0x000007fef5399000 	C:\Windows\system32\pnrpnsp.dll
0x000007fef5370000 - 0x000007fef5380000 	C:\Windows\system32\wshbth.dll
0x000007fef5f20000 - 0x000007fef5f4e000 	C:\Program Files\Common Files\Microsoft Shared\Windows Live\WLIDNSP.DLL
0x000007feff730000 - 0x000007feff7a1000 	C:\Windows\system32\SHLWAPI.dll
0x000007fefd590000 - 0x000007fefd5e5000 	C:\Windows\System32\mswsock.dll
0x000007fefd410000 - 0x000007fefd46b000 	C:\Windows\system32\DNSAPI.dll
0x000007fef5340000 - 0x000007fef534b000 	C:\Windows\System32\winrnr.dll
0x0000000071a70000 - 0x0000000071a96000 	C:\Program Files\Bonjour\mdnsNSP.dll
0x000007fefb310000 - 0x000007fefb337000 	C:\Windows\system32\Iphlpapi.DLL
0x000007fefb2f0000 - 0x000007fefb2fb000 	C:\Windows\system32\WINNSI.DLL
0x000007fefb1a0000 - 0x000007fefb1f3000 	C:\Windows\System32\fwpuclnt.dll
0x000007fef6650000 - 0x000007fef6658000 	C:\Windows\system32\rasadhlp.dll
0x000007fefcd90000 - 0x000007fefcd97000 	C:\Windows\System32\wshtcpip.dll

VM Arguments:
jvm_args: -agentlib:jdwp=transport=dt_socket,suspend=y,address=localhost:60586 -Dfile.encoding=Cp1252 
java_command: fibonacci.mike.Main
Launcher Type: SUN_STANDARD

Environment Variables:
JAVA_HOME=C:\progra~2\Java\jdk1.6.0_24
CLASSPATH=.;C:\FIREPOND\ICS\JRE\BIN\CLIENT;C:\Firepond\ICS\Editor\PDMUPG~1.JAR;C:\Firepond\ICS\Editor\spccustom.jar;C:\Firepond\ICS\Editor\xalan.jar;C:\Firepond\ICS\Editor\xerces.jar;C:\Firepond\ICS\Editor\LOG4J-~1.JAR;C:\Firepond\ICS\Editor\sqljdbc.jar;C:\Firepond\ICS\Editor;C:\PROGRA~2\COMMON~1\FIREPO~1\ICS\ODBSER~1.JAR;C:\PROGRA~2\COMMON~1\FIREPO~1\ICS\TESTAP~1.JAR;C:\PROGRA~2\COMMON~1\FIREPO~1\ICS\cfgsrv.jar;C:\PROGRA~2\COMMON~1\FIREPO~1\ICS\utility.jar;C:\PROGRA~2\COMMON~1\FIREPO~1\ICS\parser.jar;C:\PROGRA~2\COMMON~1\FIREPO~1\ICS\js.jar;C:\PROGRA~2\COMMON~1\FIREPO~1\ICS\ICSREP~1.JAR;C:\PROGRA~2\COMMON~1\FIREPO~1\ICS\XREPOR~1.JAR;C:\PROGRA~2\COMMON~1\FIREPO~1\ICS\xtools.jar;C:\PROGRA~2\COMMON~1\FIREPO~1\ICS;C:\Program Files (x86)\Java\jre6\lib\ext\QTJava.zip
USERNAME=bradleym
OS=Windows_NT
PROCESSOR_IDENTIFIER=Intel64 Family 6 Model 42 Stepping 7, GenuineIntel



---------------  S Y S T E M  ---------------

OS: Windows 7 Build 7601 Service Pack 1

CPU:total 4 (2 cores per cpu, 2 threads per core) family 6 model 42 stepping 7, cmov, cx8, fxsr, mmx, sse, sse2, sse3, ssse3, sse4.1, sse4.2, popcnt, ht

Memory: 4k page, physical 8266648k(3014748k free), swap 16531448k(8353664k free)

vm_info: Java HotSpot(TM) 64-Bit Server VM (19.1-b02) for windows-amd64 JRE (1.6.0_24-b07), built on Feb  2 2011 16:25:45 by "java_re" with MS VC++ 8.0 (VS2005)

time: Fri Jan 20 14:28:51 2012
elapsed time: 0 seconds

